#
# A fatal error has been detected by the Java Runtime Environment:
#
#  EXCEPTION_ACCESS_VIOLATION (0xc0000005) at pc=0x0000000062c04648, pid=9008, tid=0x0000000000002614
#
# JRE version: Java(TM) SE Runtime Environment (8.0_101-b13) (build 1.8.0_101-b13)
# Java VM: Java HotSpot(TM) 64-Bit Server VM (25.101-b13 mixed mode windows-amd64 compressed oops)
# Problematic frame:
# V  [jvm.dll+0x114648]
#
# Failed to write core dump. Minidumps are not enabled by default on client versions of Windows
#
# If you would like to submit a bug report, please visit:
#   http://bugreport.java.com/bugreport/crash.jsp
#

---------------  T H R E A D  ---------------

Current thread (0x0000000001e87800):  GCTaskThread [stack: 0x0000000011440000,0x0000000011540000] [id=9748]

siginfo: ExceptionCode=0xc0000005, reading address 0xffffffffffffffff

Registers:
RAX=0x0000000011840000, RBX=0x0000000000010000, RCX=0x0000000000000000, RDX=0x0000000000000000
RSP=0x000000001153fb60, RBP=0x00000000fdc0ef14, RSI=0x0000000001f5b520, RDI=0x0000000001f5b520
R8 =0x007fffffff900080, R9 =0x0000000100008b68, R10=0x000000000000000c, R11=0x00000000630efd38
R12=0x00000000fdc0ef20, R13=0x0000000100008fb8, R14=0x0000000100008fc0, R15=0x00000000fdc0eec8
RIP=0x0000000062c04648, EFLAGS=0x0000000000010246

Top of Stack: (sp=0x000000001153fb60)
0x000000001153fb60:   0000000100008b68 00000000fdc0ff64
0x000000001153fb70:   000000000000000b 0000000062d0d202
0x000000001153fb80:   0000000000000000 00000000000003d8
0x000000001153fb90:   0000000001e88138 00000116000009ad
0x000000001153fba0:   0000000000000a7c 0000000062ee7a50
0x000000001153fbb0:   000000001389b420 00000000131b5600
0x000000001153fbc0:   0000000001f5b520 0000000001e87d60
0x000000001153fbd0:   00000115000009ad 00000116000009ad
0x000000001153fbe0:   0000000000000000 0000000000000000
0x000000001153fbf0:   0000000000000000 00000000162b3000
0x000000001153fc00:   0000000001e87d01 0000000001e87d01
0x000000001153fc10:   000051eba46a2f5d 0000000001e88138
0x000000001153fc20:   0000000001e87d60 00000000000003d8
0x000000001153fc30:   0000000001e87d60 0000000001e7e440
0x000000001153fc40:   0000000001e87d50 00000000131b5600
0x000000001153fc50:   0000000001f5b520 0000000062ee4803 

Instructions: (pc=0x0000000062c04648)
0x0000000062c04628:   05 a3 60 70 00 49 c1 e8 03 49 d3 e8 41 0f b6 c0
0x0000000062c04638:   49 c1 e8 06 24 3f 0f b6 d0 48 8b 05 b8 60 70 00
0x0000000062c04648:   4a 8b 0c c0 48 0f a3 d1 0f 82 59 01 00 00 0f b6
0x0000000062c04658:   15 14 6d 6f 00 84 d2 74 16 44 8b 43 08 8b 0d 35 


Register to memory mapping:

RAX=0x0000000011840000 is an unknown value
RBX=0x0000000000010000 is an unknown value
RCX=0x0000000000000000 is an unknown value
RDX=0x0000000000000000 is an unknown value
RSP=0x000000001153fb60 is an unknown value
RBP=0x00000000fdc0ef14 is an unknown value
RSI=0x0000000001f5b520 is an unknown value
RDI=0x0000000001f5b520 is an unknown value
R8 =0x007fffffff900080 is an unknown value
R9 =0x0000000100008b68 is pointing into metadata
R10=0x000000000000000c is an unknown value
R11=0x00000000630efd38 is an unknown value
R12=0x00000000fdc0ef20 is an oop
[Ljava.lang.Class; 
 - klass: 'java/lang/Class'[]
 - length: 0
R13=0x0000000100008fb8 is pointing into metadata
R14=0x0000000100008fc0 is pointing into metadata
R15=0x00000000fdc0eec8 is an oop
java.lang.reflect.Method 
 - klass: 'java/lang/reflect/Method'


Stack: [0x0000000011440000,0x0000000011540000],  sp=0x000000001153fb60,  free space=1022k
Native frames: (J=compiled Java code, j=interpreted, Vv=VM code, C=native code)
V  [jvm.dll+0x114648]
V  [jvm.dll+0x3f7a50]
V  [jvm.dll+0x3f4803]
V  [jvm.dll+0x3f25ce]
V  [jvm.dll+0x29c18a]
C  [msvcr100.dll+0x21d9f]
C  [msvcr100.dll+0x21e3b]
C  [KERNEL32.DLL+0x1412]
C  [ntdll.dll+0x154f4]


---------------  P R O C E S S  ---------------

Java Threads: ( => current thread )
  0x00000000162b1000 JavaThread "Memory manager" [_thread_blocked, id=8900, stack(0x000000001fda0000,0x000000001fea0000)]
  0x00000000162b4000 JavaThread "Cache worker for Build Output Cleanup Cache (C:\Users\naveeda\AndroidStudioProjects\example\android\.gradle\buildOutputCleanup)" [_thread_blocked, id=6168, stack(0x000000001e060000,0x000000001e160000)]
  0x00000000162b3000 JavaThread "pool-1-thread-1" [_thread_blocked, id=632, stack(0x000000001dd60000,0x000000001de60000)]
  0x00000000162b2800 JavaThread "Build operations Thread 4" [_thread_blocked, id=6036, stack(0x000000001d860000,0x000000001d960000)]
  0x00000000162b1800 JavaThread "Build operations Thread 3" [_thread_blocked, id=12724, stack(0x000000001d760000,0x000000001d860000)]
  0x00000000162b0000 JavaThread "Build operations Thread 2" [_thread_blocked, id=7432, stack(0x000000001d660000,0x000000001d760000)]
  0x00000000162ac800 JavaThread "Build operations" [_thread_blocked, id=10076, stack(0x000000001c520000,0x000000001c620000)]
  0x00000000162af800 JavaThread "Cache worker for execution history cache (C:\Users\naveeda\.gradle\caches\6.0.1\executionHistory)" [_thread_blocked, id=12572, stack(0x000000001c220000,0x000000001c320000)]
  0x00000000162ae800 JavaThread "Cache worker for cache directory md-rule (C:\Users\naveeda\.gradle\caches\6.0.1\md-rule)" [_thread_blocked, id=12384, stack(0x000000001c120000,0x000000001c220000)]
  0x00000000162aa800 JavaThread "Cache worker for cache directory md-supplier (C:\Users\naveeda\.gradle\caches\6.0.1\md-supplier)" [_thread_blocked, id=11704, stack(0x000000001c020000,0x000000001c120000)]
  0x00000000162ab800 JavaThread "Cache worker for file hash cache (C:\Users\naveeda\AndroidStudioProjects\example\android\.gradle\6.0.1\fileHashes)" [_thread_blocked, id=2008, stack(0x000000001a350000,0x000000001a450000)]
  0x00000000162a9000 JavaThread "Cache worker for journal cache (C:\Users\naveeda\.gradle\caches\journal-1)" [_thread_blocked, id=5096, stack(0x0000000017db0000,0x0000000017eb0000)]
  0x00000000162aa000 JavaThread "File lock request listener" [_thread_in_native, id=8284, stack(0x0000000017cb0000,0x0000000017db0000)]
  0x00000000162a8800 JavaThread "Cache worker for file hash cache (C:\Users\naveeda\.gradle\caches\6.0.1\fileHashes)" [_thread_blocked, id=5920, stack(0x0000000017bb0000,0x0000000017cb0000)]
  0x0000000014d44000 JavaThread "Thread-9" [_thread_blocked, id=8164, stack(0x00000000178b0000,0x00000000179b0000)]
  0x0000000014d43000 JavaThread "Stdin handler" [_thread_blocked, id=8000, stack(0x00000000177b0000,0x00000000178b0000)]
  0x0000000014d42800 JavaThread "Asynchronous log dispatcher for DefaultDaemonConnection: socket connection from /127.0.0.1:55579 to /127.0.0.1:55580" [_thread_blocked, id=9916, stack(0x00000000176b0000,0x00000000177b0000)]
  0x0000000014d3e800 JavaThread "Daemon worker" [_thread_blocked, id=12528, stack(0x00000000175b0000,0x00000000176b0000)]
  0x0000000014d3f800 JavaThread "Cancel handler" [_thread_blocked, id=12764, stack(0x00000000174b0000,0x00000000175b0000)]
  0x0000000014d40000 JavaThread "Handler for socket connection from /127.0.0.1:55579 to /127.0.0.1:55580" [_thread_in_native, id=6820, stack(0x00000000173b0000,0x00000000174b0000)]
  0x0000000014d41800 JavaThread "Daemon" [_thread_blocked, id=9564, stack(0x00000000172b0000,0x00000000173b0000)]
  0x0000000014d3e000 JavaThread "Daemon periodic checks" [_thread_blocked, id=8440, stack(0x00000000171b0000,0x00000000172b0000)]
  0x0000000014d41000 JavaThread "Incoming local TCP Connector on port 55579" [_thread_in_native, id=8592, stack(0x0000000016fc0000,0x00000000170c0000)]
  0x0000000014d3d000 JavaThread "Daemon health stats" [_thread_blocked, id=12964, stack(0x00000000169e0000,0x0000000016ae0000)]
  0x0000000014b17800 JavaThread "Service Thread" daemon [_thread_blocked, id=4268, stack(0x0000000015010000,0x0000000015110000)]
  0x0000000014b10800 JavaThread "C1 CompilerThread2" daemon [_thread_blocked, id=9340, stack(0x0000000014f10000,0x0000000015010000)]
  0x000000001333c000 JavaThread "C2 CompilerThread1" daemon [_thread_blocked, id=4192, stack(0x0000000014a10000,0x0000000014b10000)]
  0x00000000132e3800 JavaThread "C2 CompilerThread0" daemon [_thread_blocked, id=8232, stack(0x0000000014910000,0x0000000014a10000)]
  0x00000000132e0800 JavaThread "Attach Listener" daemon [_thread_blocked, id=11836, stack(0x0000000014810000,0x0000000014910000)]
  0x00000000132dd000 JavaThread "Signal Dispatcher" daemon [_thread_blocked, id=10368, stack(0x0000000014710000,0x0000000014810000)]
  0x00000000132ca800 JavaThread "Finalizer" daemon [_thread_blocked, id=13008, stack(0x0000000014530000,0x0000000014630000)]
  0x0000000001f60000 JavaThread "Reference Handler" daemon [_thread_blocked, id=5332, stack(0x0000000014430000,0x0000000014530000)]
  0x0000000001d6e800 JavaThread "main" [_thread_blocked, id=2180, stack(0x0000000001d70000,0x0000000001e70000)]

Other Threads:
  0x00000000132a8000 VMThread [stack: 0x0000000014330000,0x0000000014430000] [id=6472]
  0x0000000014b1b800 WatcherThread [stack: 0x0000000015110000,0x0000000015210000] [id=6840]

=>0x0000000001e87800 (exited) GCTaskThread [stack: 0x0000000011440000,0x0000000011540000] [id=9748]

VM state:at safepoint (normal execution)

VM Mutex/Monitor currently owned by a thread:  ([mutex/lock_event])
[0x0000000001d6da50] Threads_lock - owner thread: 0x00000000132a8000
[0x0000000001d6d750] Heap_lock - owner thread: 0x0000000014d3e800

Heap:
 PSYoungGen      total 153088K, used 21490K [0x00000000f5580000, 0x0000000100000000, 0x0000000100000000)
  eden space 131584K, 0% used [0x00000000f5580000,0x00000000f5580000,0x00000000fd600000)
  from space 21504K, 99% used [0x00000000fd600000,0x00000000feafca68,0x00000000feb00000)
  to   space 21504K, 0% used [0x00000000feb00000,0x00000000feb00000,0x0000000100000000)
 ParOldGen       total 175104K, used 26357K [0x00000000e0000000, 0x00000000eab00000, 0x00000000f5580000)
  object space 175104K, 15% used [0x00000000e0000000,0x00000000e19bd758,0x00000000eab00000)
 Metaspace       used 56676K, capacity 59016K, committed 59160K, reserved 1099776K
  class space    used 7883K, capacity 8466K, committed 8576K, reserved 1048576K

Card table byte_map: [0x0000000011330000,0x0000000011440000] byte_map_base: 0x0000000010c30000

Marking Bits: (ParMarkBitMap*) 0x000000006330a6d0
 Begin Bits: [0x0000000011840000, 0x0000000012040000)
 End Bits:   [0x0000000012040000, 0x0000000012840000)

Polling page: 0x00000000004c0000

CodeCache: size=245760Kb used=17336Kb max_used=17345Kb free=228423Kb
 bounds [0x0000000001f70000, 0x0000000003080000, 0x0000000010f70000]
 total_blobs=5856 nmethods=5064 adapters=704
 compilation: enabled

Compilation events (10 events):
Event: 345.186 Thread 0x0000000014b10800 5745       3       org.gradle.api.internal.artifacts.configurations.DefaultConfiguration_Decorated::getArtifacts (39 bytes)
Event: 345.188 Thread 0x0000000014b10800 nmethod 5745 0x000000000306e190 code [0x000000000306e360, 0x000000000306ea88]
Event: 345.550 Thread 0x000000001333c000 5746       4       org.codehaus.groovy.reflection.CachedClass::addSubclassExpandos (138 bytes)
Event: 345.551 Thread 0x0000000014b10800 5747       3       org.gradle.internal.metaobject.BeanDynamicObject::<init> (61 bytes)
Event: 345.553 Thread 0x0000000014b10800 nmethod 5747 0x00000000030695d0 code [0x0000000003069760, 0x0000000003069b38]
Event: 345.553 Thread 0x000000001333c000 nmethod 5746 0x000000000256c050 code [0x000000000256c180, 0x000000000256c218]
Event: 345.553 Thread 0x0000000014b10800 5748       3       org.gradle.internal.metaobject.BeanDynamicObject$MetaClassAdapter::<init> (6 bytes)
Event: 345.554 Thread 0x0000000014b10800 nmethod 5748 0x000000000306dd10 code [0x000000000306de80, 0x000000000306e0b0]
Event: 345.554 Thread 0x0000000014b10800 5749       3       org.gradle.internal.metaobject.BeanDynamicObject$MetaClassAdapter::<init> (10 bytes)
Event: 345.555 Thread 0x0000000014b10800 nmethod 5749 0x000000000306d950 code [0x000000000306daa0, 0x000000000306dc70]

GC Heap History (10 events):
Event: 187.403 GC heap after
Heap after GC invocations=7 (full 1):
 PSYoungGen      total 145920K, used 9986K [0x00000000f5580000, 0x0000000100000000, 0x0000000100000000)
  eden space 131584K, 0% used [0x00000000f5580000,0x00000000f5580000,0x00000000fd600000)
  from space 14336K, 69% used [0x00000000fe380000,0x00000000fed40920,0x00000000ff180000)
  to   space 13824K, 0% used [0x00000000fd600000,0x00000000fd600000,0x00000000fe380000)
 ParOldGen       total 175104K, used 12878K [0x00000000e0000000, 0x00000000eab00000, 0x00000000f5580000)
  object space 175104K, 7% used [0x00000000e0000000,0x00000000e0c93aa0,0x00000000eab00000)
 Metaspace       used 34566K, capacity 35452K, committed 35496K, reserved 1079296K
  class space    used 4850K, capacity 5113K, committed 5120K, reserved 1048576K
}
Event: 187.403 GC heap before
{Heap before GC invocations=8 (full 2):
 PSYoungGen      total 145920K, used 9986K [0x00000000f5580000, 0x0000000100000000, 0x0000000100000000)
  eden space 131584K, 0% used [0x00000000f5580000,0x00000000f5580000,0x00000000fd600000)
  from space 14336K, 69% used [0x00000000fe380000,0x00000000fed40920,0x00000000ff180000)
  to   space 13824K, 0% used [0x00000000fd600000,0x00000000fd600000,0x00000000fe380000)
 ParOldGen       total 175104K, used 12878K [0x00000000e0000000, 0x00000000eab00000, 0x00000000f5580000)
  object space 175104K, 7% used [0x00000000e0000000,0x00000000e0c93aa0,0x00000000eab00000)
 Metaspace       used 34566K, capacity 35452K, committed 35496K, reserved 1079296K
  class space    used 4850K, capacity 5113K, committed 5120K, reserved 1048576K
Event: 189.262 GC heap after
Heap after GC invocations=8 (full 2):
 PSYoungGen      total 145920K, used 0K [0x00000000f5580000, 0x0000000100000000, 0x0000000100000000)
  eden space 131584K, 0% used [0x00000000f5580000,0x00000000f5580000,0x00000000fd600000)
  from space 14336K, 0% used [0x00000000fe380000,0x00000000fe380000,0x00000000ff180000)
  to   space 13824K, 0% used [0x00000000fd600000,0x00000000fd600000,0x00000000fe380000)
 ParOldGen       total 175104K, used 16670K [0x00000000e0000000, 0x00000000eab00000, 0x00000000f5580000)
  object space 175104K, 9% used [0x00000000e0000000,0x00000000e1047bd0,0x00000000eab00000)
 Metaspace       used 34566K, capacity 35452K, committed 35496K, reserved 1079296K
  class space    used 4850K, capacity 5113K, committed 5120K, reserved 1048576K
}
Event: 229.370 GC heap before
{Heap before GC invocations=9 (full 2):
 PSYoungGen      total 145920K, used 131584K [0x00000000f5580000, 0x0000000100000000, 0x0000000100000000)
  eden space 131584K, 100% used [0x00000000f5580000,0x00000000fd600000,0x00000000fd600000)
  from space 14336K, 0% used [0x00000000fe380000,0x00000000fe380000,0x00000000ff180000)
  to   space 13824K, 0% used [0x00000000fd600000,0x00000000fd600000,0x00000000fe380000)
 ParOldGen       total 175104K, used 16670K [0x00000000e0000000, 0x00000000eab00000, 0x00000000f5580000)
  object space 175104K, 9% used [0x00000000e0000000,0x00000000e1047bd0,0x00000000eab00000)
 Metaspace       used 45960K, capacity 47370K, committed 47488K, reserved 1089536K
  class space    used 6321K, capacity 6704K, committed 6784K, reserved 1048576K
Event: 229.707 GC heap after
Heap after GC invocations=9 (full 2):
 PSYoungGen      total 145408K, used 13808K [0x00000000f5580000, 0x0000000100000000, 0x0000000100000000)
  eden space 131584K, 0% used [0x00000000f5580000,0x00000000f5580000,0x00000000fd600000)
  from space 13824K, 99% used [0x00000000fd600000,0x00000000fe37c178,0x00000000fe380000)
  to   space 16896K, 0% used [0x00000000fef80000,0x00000000fef80000,0x0000000100000000)
 ParOldGen       total 175104K, used 19670K [0x00000000e0000000, 0x00000000eab00000, 0x00000000f5580000)
  object space 175104K, 11% used [0x00000000e0000000,0x00000000e1335870,0x00000000eab00000)
 Metaspace       used 45960K, capacity 47370K, committed 47488K, reserved 1089536K
  class space    used 6321K, capacity 6704K, committed 6784K, reserved 1048576K
}
Event: 326.466 GC heap before
{Heap before GC invocations=10 (full 2):
 PSYoungGen      total 145408K, used 145392K [0x00000000f5580000, 0x0000000100000000, 0x0000000100000000)
  eden space 131584K, 100% used [0x00000000f5580000,0x00000000fd600000,0x00000000fd600000)
  from space 13824K, 99% used [0x00000000fd600000,0x00000000fe37c178,0x00000000fe380000)
  to   space 16896K, 0% used [0x00000000fef80000,0x00000000fef80000,0x0000000100000000)
 ParOldGen       total 175104K, used 19670K [0x00000000e0000000, 0x00000000eab00000, 0x00000000f5580000)
  object space 175104K, 11% used [0x00000000e0000000,0x00000000e1335870,0x00000000eab00000)
 Metaspace       used 53934K, capacity 55850K, committed 55936K, reserved 1097728K
  class space    used 7520K, capacity 8050K, committed 8064K, reserved 1048576K
Event: 327.162 GC heap after
Heap after GC invocations=10 (full 2):
 PSYoungGen      total 148480K, used 16871K [0x00000000f5580000, 0x0000000100000000, 0x0000000100000000)
  eden space 131584K, 0% used [0x00000000f5580000,0x00000000f5580000,0x00000000fd600000)
  from space 16896K, 99% used [0x00000000fef80000,0x00000000ffff9dc0,0x0000000100000000)
  to   space 21504K, 0% used [0x00000000fd600000,0x00000000fd600000,0x00000000feb00000)
 ParOldGen       total 175104K, used 24572K [0x00000000e0000000, 0x00000000eab00000, 0x00000000f5580000)
  object space 175104K, 14% used [0x00000000e0000000,0x00000000e17ff3b0,0x00000000eab00000)
 Metaspace       used 53934K, capacity 55850K, committed 55936K, reserved 1097728K
  class space    used 7520K, capacity 8050K, committed 8064K, reserved 1048576K
}
Event: 345.575 GC heap before
{Heap before GC invocations=11 (full 2):
 PSYoungGen      total 148480K, used 75884K [0x00000000f5580000, 0x0000000100000000, 0x0000000100000000)
  eden space 131584K, 44% used [0x00000000f5580000,0x00000000f8f21618,0x00000000fd600000)
  from space 16896K, 99% used [0x00000000fef80000,0x00000000ffff9dc0,0x0000000100000000)
  to   space 21504K, 0% used [0x00000000fd600000,0x00000000fd600000,0x00000000feb00000)
 ParOldGen       total 175104K, used 24572K [0x00000000e0000000, 0x00000000eab00000, 0x00000000f5580000)
  object space 175104K, 14% used [0x00000000e0000000,0x00000000e17ff3b0,0x00000000eab00000)
 Metaspace       used 56676K, capacity 59016K, committed 59160K, reserved 1099776K
  class space    used 7883K, capacity 8466K, committed 8576K, reserved 1048576K
Event: 346.044 GC heap after
Heap after GC invocations=11 (full 2):
 PSYoungGen      total 153088K, used 21490K [0x00000000f5580000, 0x0000000100000000, 0x0000000100000000)
  eden space 131584K, 0% used [0x00000000f5580000,0x00000000f5580000,0x00000000fd600000)
  from space 21504K, 99% used [0x00000000fd600000,0x00000000feafca68,0x00000000feb00000)
  to   space 21504K, 0% used [0x00000000feb00000,0x00000000feb00000,0x0000000100000000)
 ParOldGen       total 175104K, used 26357K [0x00000000e0000000, 0x00000000eab00000, 0x00000000f5580000)
  object space 175104K, 15% used [0x00000000e0000000,0x00000000e19bd758,0x00000000eab00000)
 Metaspace       used 56676K, capacity 59016K, committed 59160K, reserved 1099776K
  class space    used 7883K, capacity 8466K, committed 8576K, reserved 1048576K
}
Event: 346.044 GC heap before
{Heap before GC invocations=12 (full 3):
 PSYoungGen      total 153088K, used 21490K [0x00000000f5580000, 0x0000000100000000, 0x0000000100000000)
  eden space 131584K, 0% used [0x00000000f5580000,0x00000000f5580000,0x00000000fd600000)
  from space 21504K, 99% used [0x00000000fd600000,0x00000000feafca68,0x00000000feb00000)
  to   space 21504K, 0% used [0x00000000feb00000,0x00000000feb00000,0x0000000100000000)
 ParOldGen       total 175104K, used 26357K [0x00000000e0000000, 0x00000000eab00000, 0x00000000f5580000)
  object space 175104K, 15% used [0x00000000e0000000,0x00000000e19bd758,0x00000000eab00000)
 Metaspace       used 56676K, capacity 59016K, committed 59160K, reserved 1099776K
  class space    used 7883K, capacity 8466K, committed 8576K, reserved 1048576K

Deoptimization events (10 events):
Event: 325.881 Thread 0x0000000014d3e800 Uncommon trap: reason=unstable_if action=reinterpret pc=0x0000000002ce9cd8 method=java.lang.reflect.Executable.printModifiersIfNonzero(Ljava/lang/StringBuilder;IZ)V @ 14
Event: 325.883 Thread 0x0000000014d3e800 Uncommon trap: reason=unstable_if action=reinterpret pc=0x0000000002cd65e4 method=java.lang.reflect.Executable.printModifiersIfNonzero(Ljava/lang/StringBuilder;IZ)V @ 14
Event: 326.092 Thread 0x0000000014d3e800 Uncommon trap: reason=bimorphic action=maybe_recompile pc=0x0000000002c9d3ac method=org.codehaus.groovy.util.SingleKeyHashMap.get(Ljava/lang/Object;)Ljava/lang/Object; @ 43
Event: 326.093 Thread 0x0000000014d3e800 Uncommon trap: reason=bimorphic action=maybe_recompile pc=0x0000000002c9d3ac method=org.codehaus.groovy.util.SingleKeyHashMap.get(Ljava/lang/Object;)Ljava/lang/Object; @ 43
Event: 326.098 Thread 0x0000000014d3e800 Uncommon trap: reason=unstable_if action=reinterpret pc=0x000000000258357c method=sun.misc.URLClassPath$JarLoader.getResource(Ljava/lang/String;ZLjava/util/Set;)Lsun/misc/Resource; @ 17
Event: 326.319 Thread 0x0000000014d3e800 Uncommon trap: reason=unstable_if action=reinterpret pc=0x0000000002853730 method=java.lang.Class$MethodArray.removeLessSpecifics()V @ 25
Event: 332.182 Thread 0x0000000014d3e800 Uncommon trap: reason=class_check action=maybe_recompile pc=0x0000000002502598 method=java.io.BufferedInputStream.read1([BII)I @ 39
Event: 332.185 Thread 0x0000000014d3e800 Uncommon trap: reason=class_check action=maybe_recompile pc=0x00000000028fa358 method=java.io.BufferedInputStream.read1([BII)I @ 39
Event: 336.997 Thread 0x0000000014d3e800 Uncommon trap: reason=bimorphic action=maybe_recompile pc=0x000000000285b104 method=java.util.Objects.equals(Ljava/lang/Object;Ljava/lang/Object;)Z @ 11
Event: 336.997 Thread 0x0000000014d3e800 Uncommon trap: reason=bimorphic action=maybe_recompile pc=0x000000000285b104 method=java.util.Objects.equals(Ljava/lang/Object;Ljava/lang/Object;)Z @ 11

Internal exceptions (10 events):
Event: 340.688 Thread 0x0000000014d3e800 Exception <a 'java/lang/ClassNotFoundException': build_5d55if21rbp3bbt79egdzcla3BeanInfo> (0x00000000f88db740) thrown at [C:\re\workspace\8-2-build-windows-amd64-cygwin\jdk8u101\7261\hotspot\src\share\vm\classfile\systemDictionary.cpp, line 210]
Event: 340.694 Thread 0x0000000014d3e800 Exception <a 'java/lang/ClassNotFoundException': build_5d55if21rbp3bbt79egdzcla3Customizer> (0x00000000f88e8668) thrown at [C:\re\workspace\8-2-build-windows-amd64-cygwin\jdk8u101\7261\hotspot\src\share\vm\classfile\systemDictionary.cpp, line 210]
Event: 341.619 Thread 0x0000000014d3e800 Exception <a 'java/lang/ClassNotFoundException': build_5d55if21rbp3bbt79egdzcla3$_run_closure1BeanInfo> (0x00000000f89fb108) thrown at [C:\re\workspace\8-2-build-windows-amd64-cygwin\jdk8u101\7261\hotspot\src\share\vm\classfile\systemDictionary.cpp, line 2óÔÇUíYu@
Event: 341.620 Thread 0x0000000014d3e800 Exception <a 'java/lang/ClassNotFoundException': build_5d55if21rbp3bbt79egdzcla3$_run_closure1Customizer> (0x00000000f8a0b060) thrown at [C:\re\workspace\8-2-build-windows-amd64-cygwin\jdk8u101\7261\hotspot\src\share\vm\classfile\systemDictionary.cpp, line
Event: 344.101 Thread 0x0000000014d3e800 Exception <a 'java/lang/ClassNotFoundException': build_dpnl2xzmlfe8ggmsngewy5ue1BeanInfo> (0x00000000f8c8d920) thrown at [C:\re\workspace\8-2-build-windows-amd64-cygwin\jdk8u101\7261\hotspot\src\share\vm\classfile\systemDictionary.cpp, line 210]
Event: 344.104 Thread 0x0000000014d3e800 Exception <a 'java/lang/ClassNotFoundException': build_dpnl2xzmlfe8ggmsngewy5ue1Customizer> (0x00000000f8c9a890) thrown at [C:\re\workspace\8-2-build-windows-amd64-cygwin\jdk8u101\7261\hotspot\src\share\vm\classfile\systemDictionary.cpp, line 210]
Event: 344.438 Thread 0x0000000014d3e800 Exception <a 'java/lang/ClassNotFoundException': build_dpnl2xzmlfe8ggmsngewy5ue1BeanInfo> (0x00000000f8d24628) thrown at [C:\re\workspace\8-2-build-windows-amd64-cygwin\jdk8u101\7261\hotspot\src\share\vm\classfile\systemDictionary.cpp, line 210]
Event: 344.441 Thread 0x0000000014d3e800 Exception <a 'java/lang/ClassNotFoundException': build_dpnl2xzmlfe8ggmsngewy5ue1Customizer> (0x00000000f8d314f0) thrown at [C:\re\workspace\8-2-build-windows-amd64-cygwin\jdk8u101\7261\hotspot\src\share\vm\classfile\systemDictionary.cpp, line 210]
Event: 345.565 Thread 0x0000000014d3e800 Exception <a 'java/lang/ClassNotFoundException': build_dpnl2xzmlfe8ggmsngewy5ue1$_run_closure1BeanInfo> (0x00000000f8e3d148) thrown at [C:\re\workspace\8-2-build-windows-amd64-cygwin\jdk8u101\7261\hotspot\src\share\vm\classfile\systemDictionary.cpp, line 2ÿ}®™u@
Event: 345.568 Thread 0x0000000014d3e800 Exception <a 'java/lang/ClassNotFoundException': build_dpnl2xzmlfe8ggmsngewy5ue1$_run_closure1Customizer> (0x00000000f8e4d0a0) thrown at [C:\re\workspace\8-2-build-windows-amd64-cygwin\jdk8u101\7261\hotspot\src\share\vm\classfile\systemDictionary.cpp, lineCâø)Ku@

Events (10 events):
Event: 345.549 loading class groovy/runtime/metaclass/build_dpnl2xzmlfe8ggmsngewy5ue1$_run_closure1$_closure4MetaClass done
Event: 345.562 loading class build_dpnl2xzmlfe8ggmsngewy5ue1$_run_closure1BeanInfo
Event: 345.563 loading class build_dpnl2xzmlfe8ggmsngewy5ue1$_run_closure1BeanInfo done
Event: 345.564 loading class build_dpnl2xzmlfe8ggmsngewy5ue1$_run_closure1BeanInfo
Event: 345.564 loading class build_dpnl2xzmlfe8ggmsngewy5ue1$_run_closure1BeanInfo done
Event: 345.565 loading class build_dpnl2xzmlfe8ggmsngewy5ue1$_run_closure1Customizer
Event: 345.566 loading class build_dpnl2xzmlfe8ggmsngewy5ue1$_run_closure1Customizer done
Event: 345.567 loading class build_dpnl2xzmlfe8ggmsngewy5ue1$_run_closure1Customizer
Event: 345.567 loading class build_dpnl2xzmlfe8ggmsngewy5ue1$_run_closure1Customizer done
Event: 345.574 Executing VM operation: CollectForMetadataAllocation


Dynamic libraries:
0x00007ff699580000 - 0x00007ff6995b7000 	C:\Program Files\Java\jdk1.8.0_101\bin\java.exe
0x00007ff9ef230000 - 0x00007ff9ef3dd000 	C:\windows\SYSTEM32\ntdll.dll
0x00007ff9ecc10000 - 0x00007ff9ecd4f000 	C:\windows\system32\KERNEL32.DLL
0x00007ff9d1f40000 - 0x00007ff9d1f53000 	C:\Program Files\AVAST Software\Avast\aswhook.dll
0x00007ff9ec5c0000 - 0x00007ff9ec6d5000 	C:\windows\system32\KERNELBASE.dll
0x00007ff9eaf20000 - 0x00007ff9eafae000 	C:\windows\system32\apphelp.dll
0x00007ff9e6670000 - 0x00007ff9e66c5000 	C:\windows\AppPatch\AppPatch64\AcGenral.DLL
0x00007ff9ed8a0000 - 0x00007ff9ed94a000 	C:\windows\system32\msvcrt.dll
0x00007ff9ec530000 - 0x00007ff9ec55e000 	C:\windows\system32\SspiCli.dll
0x00007ff9ed310000 - 0x00007ff9ed364000 	C:\windows\system32\SHLWAPI.dll
0x00007ff9eeef0000 - 0x00007ff9ef067000 	C:\windows\system32\USER32.dll
0x00007ff9eca70000 - 0x00007ff9ecc04000 	C:\windows\system32\ole32.dll
0x00007ff9ed950000 - 0x00007ff9eee7a000 	C:\windows\system32\SHELL32.dll
0x00007ff9eb980000 - 0x00007ff9eb9a1000 	C:\windows\SYSTEM32\USERENV.dll
0x00007ff9ed720000 - 0x00007ff9ed7ca000 	C:\windows\system32\ADVAPI32.dll
0x00007ff9e6650000 - 0x00007ff9e666e000 	C:\windows\SYSTEM32\MPR.dll
0x00007ff9ed370000 - 0x00007ff9ed4b0000 	C:\windows\system32\RPCRT4.dll
0x00007ff9ed2b0000 - 0x00007ff9ed309000 	C:\windows\SYSTEM32\sechost.dll
0x00007ff9ed4b0000 - 0x00007ff9ed6c0000 	C:\windows\SYSTEM32\combase.dll
0x00007ff9ed040000 - 0x00007ff9ed18c000 	C:\windows\system32\GDI32.dll
0x00007ff9ec360000 - 0x00007ff9ec375000 	C:\windows\SYSTEM32\profapi.dll
0x00007ff9ea6d0000 - 0x00007ff9ea782000 	C:\windows\SYSTEM32\SHCORE.dll
0x00007ff9eca30000 - 0x00007ff9eca66000 	C:\windows\system32\IMM32.DLL
0x00007ff9ec8d0000 - 0x00007ff9eca21000 	C:\windows\system32\MSCTF.dll
0x00007ff9e9cd0000 - 0x00007ff9e9f4b000 	C:\windows\WinSxS\amd64_microsoft.windows.common-controls_6595b64144ccf1df_6.0.9600.19394_none_62486577ecb635cf\COMCTL32.dll
0x00000000640b0000 - 0x0000000064182000 	C:\Program Files\Java\jdk1.8.0_101\jre\bin\msvcr100.dll
0x0000000062af0000 - 0x000000006338a000 	C:\Program Files\Java\jdk1.8.0_101\jre\bin\server\jvm.dll
0x00007ff9e6640000 - 0x00007ff9e6649000 	C:\windows\SYSTEM32\WSOCK32.dll
0x00007ff9e74d0000 - 0x00007ff9e74f2000 	C:\windows\SYSTEM32\WINMM.dll
0x00007ff9e5950000 - 0x00007ff9e595a000 	C:\windows\SYSTEM32\VERSION.dll
0x00007ff9ec8c0000 - 0x00007ff9ec8c7000 	C:\windows\system32\PSAPI.DLL
0x00007ff9ed6c0000 - 0x00007ff9ed71a000 	C:\windows\system32\WS2_32.dll
0x00007ff9e4600000 - 0x00007ff9e462a000 	C:\windows\SYSTEM32\WINMMBASE.dll
0x00007ff9ecd60000 - 0x00007ff9ecd69000 	C:\windows\system32\NSI.dll
0x00007ff9ec430000 - 0x00007ff9ec47f000 	C:\windows\SYSTEM32\cfgmgr32.dll
0x00007ff9eb170000 - 0x00007ff9eb198000 	C:\windows\SYSTEM32\DEVOBJ.dll
0x00000000640a0000 - 0x00000000640af000 	C:\Program Files\Java\jdk1.8.0_101\jre\bin\verify.dll
0x0000000064070000 - 0x0000000064099000 	C:\Program Files\Java\jdk1.8.0_101\jre\bin\java.dll
0x0000000064050000 - 0x0000000064066000 	C:\Program Files\Java\jdk1.8.0_101\jre\bin\zip.dll
0x0000000064030000 - 0x000000006404a000 	C:\Program Files\Java\jdk1.8.0_101\jre\bin\net.dll
0x00007ff9ebbf0000 - 0x00007ff9ebc49000 	C:\windows\system32\mswsock.dll
0x0000000064010000 - 0x0000000064021000 	C:\Program Files\Java\jdk1.8.0_101\jre\bin\nio.dll
0x00007ff9e1e60000 - 0x00007ff9e1e86000 	C:\Users\naveeda\.gradle\native\30\windows-amd64\native-platform.dll
0x0000000064000000 - 0x000000006400d000 	C:\Program Files\Java\jdk1.8.0_101\jre\bin\management.dll
0x00007ff9ebc50000 - 0x00007ff9ebc70000 	C:\windows\SYSTEM32\CRYPTSP.dll
0x00007ff9eb870000 - 0x00007ff9eb8a6000 	C:\windows\system32\rsaenh.dll
0x00007ff9ebea0000 - 0x00007ff9ebec6000 	C:\windows\SYSTEM32\bcrypt.dll
0x00007ff9ec1c0000 - 0x00007ff9ec223000 	C:\windows\system32\bcryptprimitives.dll
0x00007ff9ec230000 - 0x00007ff9ec23b000 	C:\windows\SYSTEM32\CRYPTBASE.dll
0x00007ff9e6fc0000 - 0x00007ff9e6fea000 	C:\windows\SYSTEM32\IPHLPAPI.DLL
0x00007ff9e6fa0000 - 0x00007ff9e6faa000 	C:\windows\SYSTEM32\WINNSI.DLL
0x00007ff9e6a50000 - 0x00007ff9e6a66000 	C:\windows\SYSTEM32\dhcpcsvc6.DLL
0x00007ff9e6c50000 - 0x00007ff9e6c6a000 	C:\windows\SYSTEM32\dhcpcsvc.DLL
0x00007ff9e5650000 - 0x00007ff9e57d9000 	C:\windows\SYSTEM32\dbghelp.dll

VM Arguments:
jvm_args: -XX:MaxMetaspaceSize=256m -XX:+HeapDumpOnOutOfMemoryError -Xms256m -Xmx512m -Dfile.encoding=windows-1252 -Duser.country=US -Duser.language=en -Duser.variant 
java_command: org.gradle.launcher.daemon.bootstrap.GradleDaemon 6.0.1
java_class_path (initial): C:\Users\naveeda\.gradle\wrapper\dists\gradle-6.0.1-all\99d3u8wxs16ndehh90lbbir67\gradle-6.0.1\lib\gradle-launcher-6.0.1.jar
Launcher Type: SUN_STANDARD

Environment Variables:
JAVA_HOME=C:\Program Files\Java\jdk1.8.0_101
CLASSPATH=C:\Users\naveeda\AndroidStudioProjects\example\android\\gradle\wrapper\gradle-wrapper.jar
PATH=C:\Users\naveeda\AndroidStudioProjects\example\android\node_modules\.bin;C:\Users\naveeda\AndroidStudioProjects\example\node_modules\.bin;C:\Users\naveeda\AndroidStudioProjects\node_modules\.bin;C:\Users\naveeda\node_modules\.bin;C:\Users\node_modules\.bin;C:\node_modules\.bin;C:\xampp\nodejs;C:\oraclexe\app\oracle\product\11.2.0\server\bin;C:\Program Files (x86)\Intel\iCLS Client\;C:\Program Files\Intel\iCLS Client\;C:\windows\system32;C:\windows;C:\windows\System32\Wbem;C:\windows\System32\WindowsPowerShell\v1.0\;C:\Program Files\Intel\Intel(R) Management Engine Components\DAL;C:\Program Files\Intel\Intel(R) Management Engine Components\IPT;C:\Program Files (x86)\Intel\Intel(R) Management Engine Components\DAL;C:\Program Files (x86)\Intel\Intel(R) Management Engine Components\IPT;C:\Program Files\dotnet\;C:\Program Files\Microsoft SQL Server\130\Tools\Binn\;C:\Program Files (x86)\Microsoft SQL Server\110\DTS\Binn\;C:\Program Files (x86)\Microsoft SQL Server\120\DTS\Binn\;C:\Program Files (x86)\Microsoft SQL Server\130\DTS\Binn\;C:\Program Files (x86)\Microsoft SQL Server\140\DTS\Binn\;C:\Program Files (x86)\Microsoft SQL Server\150\DTS\Binn\;C:\Program Files (x86)\Microsoft SQL Server\Client SDK\ODBC\130\Tools\Binn\;C:\Program Files (x86)\Microsoft SQL Server\140\Tools\Binn\;C:\Program Files (x86)\Microsoft SQL Server\140\Tools\Binn\ManagementStudio\;C:\xampp\php;C:\ProgramData\ComposerSetup\bin;C:\xampp\nodejs\;C:\Users\naveeda\AppData\Local\Android\Sdk\tools;C:\Users\naveeda\AppData\Local\Android\Sdk\platform-tools;C:\Users\naveeda\AppData\Local\Programs\Microsoft VS Code\bin;C:\Users\naveeda\AppData\Local\GitHubDesktop\bin;C:\Users\naveeda\AppData\Roaming\Composer\vendor\bin;C:\Users\naveeda\AppData\Roaming\npm;C:\Users\naveeda\AppData\Local\Android\Sdk\platform-tools
USERNAME=naveeda
OS=Windows_NT
PROCESSOR_IDENTIFIER=Intel64 Family 6 Model 69 Stepping 1, GenuineIntel



---------------  S Y S T E M  ---------------

OS: Windows 8.1 , 64 bit Build 9600 (6.3.9600.19719)

CPU:total 4 (2 cores per cpu, 2 threads per core) family 6 model 69 stepping 1, cmov, cx8, fxsr, mmx, sse, sse2, sse3, ssse3, sse4.1, sse4.2, popcnt, avx, avx2, aes, clmul, erms, lzcnt, ht, tsc, tscinvbit, bmi1, bmi2

Memory: 4k page, physical 8294408k(723044k free), swap 16683016k(5726464k free)

vm_info: Java HotSpot(TM) 64-Bit Server VM (25.101-b13) for windows-amd64 JRE (1.8.0_101-b13), built on Jun 22 2016 01:21:29 by "java_re" with MS VC++ 10.0 (VS2010)

time: Sat Jul 04 03:51:02 2020
elapsed time: 349 seconds (0d 0h 5m 49s)

